<?xml version="1.0" encoding="UTF-8"?>
<!-- Generated by org.testng.reporters.JUnitReportReporter -->
<testsuite skipped="0" hostname="LAPTOP-CM7IEBIL" name="org.annotestng.TestngDataProvider" tests="3" failures="0" timestamp="08 Sep 2020 02:02:16 GMT" time="24.663" errors="0">
  <testcase name="loginDetails" time="8.577" classname="org.annotestng.TestngDataProvider"/>
  <testcase name="loginDetails" time="7.832" classname="org.annotestng.TestngDataProvider"/>
  <testcase name="loginDetails" time="8.254" classname="org.annotestng.TestngDataProvider"/>
</testsuite> <!-- org.annotestng.TestngDataProvider -->
